  Compiling CUDA source file kernel.cu...
  
  C:\Users\Adam Czekalski\Documents\GitHub\Akceleracja-obliczen-CUDA\GPU\cuBLAS\cuBLASImplementation\cuBLASImplementation>"C:\Program Files\NVIDIA GPU Computing Toolkit\CUDA\v12.6\bin\nvcc.exe" -gencode=arch=compute_52,code=\"sm_52,compute_52\" --use-local-env -ccbin "C:\Program Files\Microsoft Visual Studio\2022\Community\VC\Tools\MSVC\14.39.33519\bin\HostX64\x64" -x cu   -I"C:\Program Files\NVIDIA GPU Computing Toolkit\CUDA\v12.6\include" -I"C:\Program Files\NVIDIA GPU Computing Toolkit\CUDA\v12.6\include"  -G   --keep-dir x64\Debug  -maxrregcount=0   --machine 64 --compile -cudart static  -g  -DWIN32 -DWIN64 -D_DEBUG -D_CONSOLE -D_MBCS -Xcompiler "/EHsc /W3 /nologo /Od /FS /Zi /RTC1 /MDd " -Xcompiler "/Fdx64\Debug\vc143.pdb" -o "C:\Users\Adam Czekalski\Documents\GitHub\Akceleracja-obliczen-CUDA\GPU\cuBLAS\cuBLASImplementation\cuBLASImplementation\x64\Debug\kernel.cu.obj" "C:\Users\Adam Czekalski\Documents\GitHub\Akceleracja-obliczen-CUDA\GPU\cuBLAS\cuBLASImplementation\cuBLASImplementation\kernel.cu" 
  kernel.cu
  tmpxft_000026b4_00000000-7_kernel.cudafe1.cpp
C:\Users\Adam Czekalski\Documents\GitHub\Akceleracja-obliczen-CUDA\GPU\cuBLAS\cuBLASImplementation\cuBLASImplementation\kernel.cu(293): warning C4984: 'if constexpr' is a C++17 language extension
  C:\Users\Adam Czekalski\Documents\GitHub\Akceleracja-obliczen-CUDA\GPU\cuBLAS\cuBLASImplementation\cuBLASImplementation\kernel.cu(293): note: the template instantiation context (the oldest one first) is
  C:\Users\Adam Czekalski\Documents\GitHub\Akceleracja-obliczen-CUDA\GPU\cuBLAS\cuBLASImplementation\cuBLASImplementation\kernel.cu(310): note: see reference to function template instantiation 'void program<float>(void)' being compiled
C:\Users\Adam Czekalski\Documents\GitHub\Akceleracja-obliczen-CUDA\GPU\cuBLAS\cuBLASImplementation\cuBLASImplementation\kernel.cu(174): warning C4984: 'if constexpr' is a C++17 language extension
  C:\Users\Adam Czekalski\Documents\GitHub\Akceleracja-obliczen-CUDA\GPU\cuBLAS\cuBLASImplementation\cuBLASImplementation\kernel.cu(174): note: the template instantiation context (the oldest one first) is
  C:\Users\Adam Czekalski\Documents\GitHub\Akceleracja-obliczen-CUDA\GPU\cuBLAS\cuBLASImplementation\cuBLASImplementation\kernel.cu(310): note: see reference to function template instantiation 'void program<float>(void)' being compiled
  C:\Users\Adam Czekalski\Documents\GitHub\Akceleracja-obliczen-CUDA\GPU\cuBLAS\cuBLASImplementation\cuBLASImplementation\kernel.cu(297): note: see reference to function template instantiation 'void distinguish<T,T>(int,int,int,T *,T *)' being compiled
          with
          [
              T=float
          ]
C:\Users\Adam Czekalski\Documents\GitHub\Akceleracja-obliczen-CUDA\GPU\cuBLAS\cuBLASImplementation\cuBLASImplementation\kernel.cu(189): warning C4984: 'if constexpr' is a C++17 language extension
C:\Users\Adam Czekalski\Documents\GitHub\Akceleracja-obliczen-CUDA\GPU\cuBLAS\cuBLASImplementation\cuBLASImplementation\kernel.cu(46): warning C4984: 'if constexpr' is a C++17 language extension
  C:\Users\Adam Czekalski\Documents\GitHub\Akceleracja-obliczen-CUDA\GPU\cuBLAS\cuBLASImplementation\cuBLASImplementation\kernel.cu(46): note: the template instantiation context (the oldest one first) is
  C:\Users\Adam Czekalski\Documents\GitHub\Akceleracja-obliczen-CUDA\GPU\cuBLAS\cuBLASImplementation\cuBLASImplementation\kernel.cu(297): note: see reference to function template instantiation 'void distinguish<T,T>(int,int,int,T *,T *)' being compiled
          with
          [
              T=float
          ]
  C:\Users\Adam Czekalski\Documents\GitHub\Akceleracja-obliczen-CUDA\GPU\cuBLAS\cuBLASImplementation\cuBLASImplementation\kernel.cu(162): note: see reference to function template instantiation 'void randomizeMatrices<T>(int,int,int,T *,T *)' being compiled
          with
          [
              T=float
          ]
C:\Users\Adam Czekalski\Documents\GitHub\Akceleracja-obliczen-CUDA\GPU\cuBLAS\cuBLASImplementation\cuBLASImplementation\kernel.cu(58): warning C4984: 'if constexpr' is a C++17 language extension
C:\Users\Adam Czekalski\Documents\GitHub\Akceleracja-obliczen-CUDA\GPU\cuBLAS\cuBLASImplementation\cuBLASImplementation\kernel.cu(78): warning C4984: 'if constexpr' is a C++17 language extension
     Creating library C:\Users\Adam Czekalski\Documents\GitHub\Akceleracja-obliczen-CUDA\GPU\cuBLAS\cuBLASImplementation\x64\Debug\cuBLASImplementation.lib and object C:\Users\Adam Czekalski\Documents\GitHub\Akceleracja-obliczen-CUDA\GPU\cuBLAS\cuBLASImplementation\x64\Debug\cuBLASImplementation.exp
LINK : warning LNK4098: defaultlib 'LIBCMT' conflicts with use of other libs; use /NODEFAULTLIB:library
  cuBLASImplementation.vcxproj -> C:\Users\Adam Czekalski\Documents\GitHub\Akceleracja-obliczen-CUDA\GPU\cuBLAS\cuBLASImplementation\x64\Debug\cuBLASImplementation.exe
