  Compiling CUDA source file kernel.cu...
  
  C:\Users\Adam Czekalski\Documents\GitHub\Akceleracja-obliczen-CUDA\GPU\UnifiedMemory\UnifiedMemory>"C:\Program Files\NVIDIA GPU Computing Toolkit\CUDA\v12.6\bin\nvcc.exe" -gencode=arch=compute_52,code=\"sm_52,compute_52\" --use-local-env -ccbin "C:\Program Files\Microsoft Visual Studio\2022\Community\VC\Tools\MSVC\14.39.33519\bin\HostX64\x64" -x cu   -I"C:\Program Files\NVIDIA GPU Computing Toolkit\CUDA\v12.6\include" -I"C:\Program Files\NVIDIA GPU Computing Toolkit\CUDA\v12.6\include"     --keep-dir x64\Release  -maxrregcount=0   --machine 64 --compile -cudart static    -DWIN32 -DWIN64 -DNDEBUG -D_CONSOLE -D_MBCS -Xcompiler "/EHsc /W3 /nologo /O2 /FS   /MD " -Xcompiler "/Fdx64\Release\vc143.pdb" -o "C:\Users\Adam Czekalski\Documents\GitHub\Akceleracja-obliczen-CUDA\GPU\UnifiedMemory\UnifiedMemory\x64\Release\kernel.cu.obj" "C:\Users\Adam Czekalski\Documents\GitHub\Akceleracja-obliczen-CUDA\GPU\UnifiedMemory\UnifiedMemory\kernel.cu" 
  kernel.cu
  tmpxft_0000310c_00000000-7_kernel.cudafe1.cpp
C:\Users\Adam Czekalski\Documents\GitHub\Akceleracja-obliczen-CUDA\GPU\UnifiedMemory\UnifiedMemory\kernel.cu(362): warning C4984: 'if constexpr' is a C++17 language extension
  C:\Users\Adam Czekalski\Documents\GitHub\Akceleracja-obliczen-CUDA\GPU\UnifiedMemory\UnifiedMemory\kernel.cu(362): note: the template instantiation context (the oldest one first) is
  C:\Users\Adam Czekalski\Documents\GitHub\Akceleracja-obliczen-CUDA\GPU\UnifiedMemory\UnifiedMemory\kernel.cu(395): note: see reference to function template instantiation 'float programFixed<double>(int)' being compiled
C:\Users\Adam Czekalski\Documents\GitHub\Akceleracja-obliczen-CUDA\GPU\UnifiedMemory\UnifiedMemory\kernel.cu(325): warning C4984: 'if constexpr' is a C++17 language extension
  C:\Users\Adam Czekalski\Documents\GitHub\Akceleracja-obliczen-CUDA\GPU\UnifiedMemory\UnifiedMemory\kernel.cu(325): note: the template instantiation context (the oldest one first) is
  C:\Users\Adam Czekalski\Documents\GitHub\Akceleracja-obliczen-CUDA\GPU\UnifiedMemory\UnifiedMemory\kernel.cu(430): note: see reference to function template instantiation 'void program<float>(void)' being compiled
C:\Users\Adam Czekalski\Documents\GitHub\Akceleracja-obliczen-CUDA\GPU\UnifiedMemory\UnifiedMemory\kernel.cu(196): warning C4984: 'if constexpr' is a C++17 language extension
  C:\Users\Adam Czekalski\Documents\GitHub\Akceleracja-obliczen-CUDA\GPU\UnifiedMemory\UnifiedMemory\kernel.cu(196): note: the template instantiation context (the oldest one first) is
  C:\Users\Adam Czekalski\Documents\GitHub\Akceleracja-obliczen-CUDA\GPU\UnifiedMemory\UnifiedMemory\kernel.cu(395): note: see reference to function template instantiation 'float programFixed<double>(int)' being compiled
  C:\Users\Adam Czekalski\Documents\GitHub\Akceleracja-obliczen-CUDA\GPU\UnifiedMemory\UnifiedMemory\kernel.cu(366): note: see reference to function template instantiation 'float distinguish<T,T>(int,int,int,T *,T *)' being compiled
          with
          [
              T=double
          ]
C:\Users\Adam Czekalski\Documents\GitHub\Akceleracja-obliczen-CUDA\GPU\UnifiedMemory\UnifiedMemory\kernel.cu(218): warning C4984: 'if constexpr' is a C++17 language extension
C:\Users\Adam Czekalski\Documents\GitHub\Akceleracja-obliczen-CUDA\GPU\UnifiedMemory\UnifiedMemory\kernel.cu(49): warning C4984: 'if constexpr' is a C++17 language extension
  C:\Users\Adam Czekalski\Documents\GitHub\Akceleracja-obliczen-CUDA\GPU\UnifiedMemory\UnifiedMemory\kernel.cu(49): note: the template instantiation context (the oldest one first) is
  C:\Users\Adam Czekalski\Documents\GitHub\Akceleracja-obliczen-CUDA\GPU\UnifiedMemory\UnifiedMemory\kernel.cu(366): note: see reference to function template instantiation 'float distinguish<T,T>(int,int,int,T *,T *)' being compiled
          with
          [
              T=double
          ]
  C:\Users\Adam Czekalski\Documents\GitHub\Akceleracja-obliczen-CUDA\GPU\UnifiedMemory\UnifiedMemory\kernel.cu(185): note: see reference to function template instantiation 'void randomizeMatrices<T>(int,int,int,T *,T *)' being compiled
          with
          [
              T=double
          ]
C:\Users\Adam Czekalski\Documents\GitHub\Akceleracja-obliczen-CUDA\GPU\UnifiedMemory\UnifiedMemory\kernel.cu(61): warning C4984: 'if constexpr' is a C++17 language extension
C:\Users\Adam Czekalski\Documents\GitHub\Akceleracja-obliczen-CUDA\GPU\UnifiedMemory\UnifiedMemory\kernel.cu(81): warning C4984: 'if constexpr' is a C++17 language extension
     Creating library C:\Users\Adam Czekalski\Documents\GitHub\Akceleracja-obliczen-CUDA\GPU\UnifiedMemory\x64\Release\UnifiedMemory.lib and object C:\Users\Adam Czekalski\Documents\GitHub\Akceleracja-obliczen-CUDA\GPU\UnifiedMemory\x64\Release\UnifiedMemory.exp
LINK : warning LNK4098: defaultlib 'LIBCMT' conflicts with use of other libs; use /NODEFAULTLIB:library
  LINK : /LTCG specified but no code generation required; remove /LTCG from the link command line to improve linker performance
  UnifiedMemory.vcxproj -> C:\Users\Adam Czekalski\Documents\GitHub\Akceleracja-obliczen-CUDA\GPU\UnifiedMemory\x64\Release\UnifiedMemory.exe
