  Compiling CUDA source file kernel.cu...
  
  C:\Users\Adam Czekalski\Documents\GitHub\Akceleracja-obliczen-CUDA\GPU\cuBLAS\cuBLASImplementation\cuBLASImplementation>"C:\Program Files\NVIDIA GPU Computing Toolkit\CUDA\v12.6\bin\nvcc.exe" -gencode=arch=compute_52,code=\"sm_52,compute_52\" --use-local-env -ccbin "C:\Program Files\Microsoft Visual Studio\2022\Community\VC\Tools\MSVC\14.39.33519\bin\HostX64\x64" -x cu   -I"C:\Program Files\NVIDIA GPU Computing Toolkit\CUDA\v12.6\include" -I"C:\Program Files\NVIDIA GPU Computing Toolkit\CUDA\v12.6\include"     --keep-dir x64\Release  -maxrregcount=0   --machine 64 --compile -cudart static    -DWIN32 -DWIN64 -DNDEBUG -D_CONSOLE -D_MBCS -Xcompiler "/EHsc /W3 /nologo /O2 /FS   /MD " -Xcompiler "/Fdx64\Release\vc143.pdb" -o "C:\Users\Adam Czekalski\Documents\GitHub\Akceleracja-obliczen-CUDA\GPU\cuBLAS\cuBLASImplementation\cuBLASImplementation\x64\Release\kernel.cu.obj" "C:\Users\Adam Czekalski\Documents\GitHub\Akceleracja-obliczen-CUDA\GPU\cuBLAS\cuBLASImplementation\cuBLASImplementation\kernel.cu" 
  kernel.cu
  tmpxft_0000032c_00000000-7_kernel.cudafe1.cpp
C:\Users\Adam Czekalski\Documents\GitHub\Akceleracja-obliczen-CUDA\GPU\cuBLAS\cuBLASImplementation\cuBLASImplementation\kernel.cu(348): warning C4984: 'if constexpr' is a C++17 language extension
  C:\Users\Adam Czekalski\Documents\GitHub\Akceleracja-obliczen-CUDA\GPU\cuBLAS\cuBLASImplementation\cuBLASImplementation\kernel.cu(348): note: the template instantiation context (the oldest one first) is
  C:\Users\Adam Czekalski\Documents\GitHub\Akceleracja-obliczen-CUDA\GPU\cuBLAS\cuBLASImplementation\cuBLASImplementation\kernel.cu(392): note: see reference to function template instantiation 'float programFixed<signed char>(int)' being compiled
C:\Users\Adam Czekalski\Documents\GitHub\Akceleracja-obliczen-CUDA\GPU\cuBLAS\cuBLASImplementation\cuBLASImplementation\kernel.cu(311): warning C4984: 'if constexpr' is a C++17 language extension
  C:\Users\Adam Czekalski\Documents\GitHub\Akceleracja-obliczen-CUDA\GPU\cuBLAS\cuBLASImplementation\cuBLASImplementation\kernel.cu(311): note: the template instantiation context (the oldest one first) is
  C:\Users\Adam Czekalski\Documents\GitHub\Akceleracja-obliczen-CUDA\GPU\cuBLAS\cuBLASImplementation\cuBLASImplementation\kernel.cu(416): note: see reference to function template instantiation 'void program<float>(void)' being compiled
C:\Users\Adam Czekalski\Documents\GitHub\Akceleracja-obliczen-CUDA\GPU\cuBLAS\cuBLASImplementation\cuBLASImplementation\kernel.cu(192): warning C4984: 'if constexpr' is a C++17 language extension
  C:\Users\Adam Czekalski\Documents\GitHub\Akceleracja-obliczen-CUDA\GPU\cuBLAS\cuBLASImplementation\cuBLASImplementation\kernel.cu(192): note: the template instantiation context (the oldest one first) is
  C:\Users\Adam Czekalski\Documents\GitHub\Akceleracja-obliczen-CUDA\GPU\cuBLAS\cuBLASImplementation\cuBLASImplementation\kernel.cu(392): note: see reference to function template instantiation 'float programFixed<signed char>(int)' being compiled
  C:\Users\Adam Czekalski\Documents\GitHub\Akceleracja-obliczen-CUDA\GPU\cuBLAS\cuBLASImplementation\cuBLASImplementation\kernel.cu(349): note: see reference to function template instantiation 'float distinguish<T,int32_t>(int,int,int,T *,T *)' being compiled
          with
          [
              T=signed char
          ]
C:\Users\Adam Czekalski\Documents\GitHub\Akceleracja-obliczen-CUDA\GPU\cuBLAS\cuBLASImplementation\cuBLASImplementation\kernel.cu(207): warning C4984: 'if constexpr' is a C++17 language extension
C:\Users\Adam Czekalski\Documents\GitHub\Akceleracja-obliczen-CUDA\GPU\cuBLAS\cuBLASImplementation\cuBLASImplementation\kernel.cu(50): warning C4984: 'if constexpr' is a C++17 language extension
  C:\Users\Adam Czekalski\Documents\GitHub\Akceleracja-obliczen-CUDA\GPU\cuBLAS\cuBLASImplementation\cuBLASImplementation\kernel.cu(50): note: the template instantiation context (the oldest one first) is
  C:\Users\Adam Czekalski\Documents\GitHub\Akceleracja-obliczen-CUDA\GPU\cuBLAS\cuBLASImplementation\cuBLASImplementation\kernel.cu(349): note: see reference to function template instantiation 'float distinguish<T,int32_t>(int,int,int,T *,T *)' being compiled
          with
          [
              T=signed char
          ]
  C:\Users\Adam Czekalski\Documents\GitHub\Akceleracja-obliczen-CUDA\GPU\cuBLAS\cuBLASImplementation\cuBLASImplementation\kernel.cu(178): note: see reference to function template instantiation 'void randomizeMatrices<T>(int,int,int,T *,T *)' being compiled
          with
          [
              T=signed char
          ]
C:\Users\Adam Czekalski\Documents\GitHub\Akceleracja-obliczen-CUDA\GPU\cuBLAS\cuBLASImplementation\cuBLASImplementation\kernel.cu(62): warning C4984: 'if constexpr' is a C++17 language extension
C:\Users\Adam Czekalski\Documents\GitHub\Akceleracja-obliczen-CUDA\GPU\cuBLAS\cuBLASImplementation\cuBLASImplementation\kernel.cu(82): warning C4984: 'if constexpr' is a C++17 language extension
     Creating library C:\Users\Adam Czekalski\Documents\GitHub\Akceleracja-obliczen-CUDA\GPU\cuBLAS\cuBLASImplementation\x64\Release\cuBLASImplementation.lib and object C:\Users\Adam Czekalski\Documents\GitHub\Akceleracja-obliczen-CUDA\GPU\cuBLAS\cuBLASImplementation\x64\Release\cuBLASImplementation.exp
LINK : warning LNK4098: defaultlib 'LIBCMT' conflicts with use of other libs; use /NODEFAULTLIB:library
  LINK : /LTCG specified but no code generation required; remove /LTCG from the link command line to improve linker performance
  cuBLASImplementation.vcxproj -> C:\Users\Adam Czekalski\Documents\GitHub\Akceleracja-obliczen-CUDA\GPU\cuBLAS\cuBLASImplementation\x64\Release\cuBLASImplementation.exe
