  Compiling CUDA source file kernel.cu...
  
  C:\Users\Adam Czekalski\Documents\GitHub\Akceleracja-obliczen-CUDA\GPU\UnifiedMemory\UnifiedMemory>"C:\Program Files\NVIDIA GPU Computing Toolkit\CUDA\v12.6\bin\nvcc.exe" -gencode=arch=compute_52,code=\"sm_52,compute_52\" --use-local-env -ccbin "C:\Program Files\Microsoft Visual Studio\2022\Community\VC\Tools\MSVC\14.39.33519\bin\HostX64\x64" -x cu   -I"C:\Program Files\NVIDIA GPU Computing Toolkit\CUDA\v12.6\include" -I"C:\Program Files\NVIDIA GPU Computing Toolkit\CUDA\v12.6\include"  -G   --keep-dir x64\Debug  -maxrregcount=0   --machine 64 --compile -cudart static  -g  -DWIN32 -DWIN64 -D_DEBUG -D_CONSOLE -D_MBCS -Xcompiler "/EHsc /W3 /nologo /Od /FS /Zi /RTC1 /MDd " -Xcompiler "/Fdx64\Debug\vc143.pdb" -o "C:\Users\Adam Czekalski\Documents\GitHub\Akceleracja-obliczen-CUDA\GPU\UnifiedMemory\UnifiedMemory\x64\Debug\kernel.cu.obj" "C:\Users\Adam Czekalski\Documents\GitHub\Akceleracja-obliczen-CUDA\GPU\UnifiedMemory\UnifiedMemory\kernel.cu" 
C:\Users\Adam Czekalski\Documents\GitHub\Akceleracja-obliczen-CUDA\GPU\UnifiedMemory\UnifiedMemory\kernel.cu(71): warning #177-D: variable "scale" was declared but never referenced
    	T scale = max - min;
    	  ^
            detected during:
              instantiation of "void randomizeMatrices(int, int, int, T *, T *) [with T=int8_t]" at line 160
              instantiation of "void distinguish<T,U>(int, int, int, T *, T *) [with T=int8_t, U=int32_t]" at line 252
              instantiation of "void program<T>() [with T=int8_t]" at line 269
  
  Remark: The warnings can be suppressed with "-diag-suppress <warning-number>"
  
  kernel.cu
  tmpxft_0000394c_00000000-7_kernel.cudafe1.cpp
C:\Users\Adam Czekalski\Documents\GitHub\Akceleracja-obliczen-CUDA\GPU\UnifiedMemory\UnifiedMemory\kernel.cu(251): warning C4984: 'if constexpr' is a C++17 language extension
  C:\Users\Adam Czekalski\Documents\GitHub\Akceleracja-obliczen-CUDA\GPU\UnifiedMemory\UnifiedMemory\kernel.cu(251): note: the template instantiation context (the oldest one first) is
  C:\Users\Adam Czekalski\Documents\GitHub\Akceleracja-obliczen-CUDA\GPU\UnifiedMemory\UnifiedMemory\kernel.cu(268): note: see reference to function template instantiation 'void program<float>(void)' being compiled
C:\Users\Adam Czekalski\Documents\GitHub\Akceleracja-obliczen-CUDA\GPU\UnifiedMemory\UnifiedMemory\kernel.cu(193): warning C4984: 'if constexpr' is a C++17 language extension
  C:\Users\Adam Czekalski\Documents\GitHub\Akceleracja-obliczen-CUDA\GPU\UnifiedMemory\UnifiedMemory\kernel.cu(193): note: the template instantiation context (the oldest one first) is
  C:\Users\Adam Czekalski\Documents\GitHub\Akceleracja-obliczen-CUDA\GPU\UnifiedMemory\UnifiedMemory\kernel.cu(268): note: see reference to function template instantiation 'void program<float>(void)' being compiled
  C:\Users\Adam Czekalski\Documents\GitHub\Akceleracja-obliczen-CUDA\GPU\UnifiedMemory\UnifiedMemory\kernel.cu(255): note: see reference to function template instantiation 'void distinguish<T,T>(int,int,int,T *,T *)' being compiled
          with
          [
              T=float
          ]
C:\Users\Adam Czekalski\Documents\GitHub\Akceleracja-obliczen-CUDA\GPU\UnifiedMemory\UnifiedMemory\kernel.cu(196): warning C4984: 'if constexpr' is a C++17 language extension
C:\Users\Adam Czekalski\Documents\GitHub\Akceleracja-obliczen-CUDA\GPU\UnifiedMemory\UnifiedMemory\kernel.cu(56): warning C4984: 'if constexpr' is a C++17 language extension
  C:\Users\Adam Czekalski\Documents\GitHub\Akceleracja-obliczen-CUDA\GPU\UnifiedMemory\UnifiedMemory\kernel.cu(56): note: the template instantiation context (the oldest one first) is
  C:\Users\Adam Czekalski\Documents\GitHub\Akceleracja-obliczen-CUDA\GPU\UnifiedMemory\UnifiedMemory\kernel.cu(255): note: see reference to function template instantiation 'void distinguish<T,T>(int,int,int,T *,T *)' being compiled
          with
          [
              T=float
          ]
  C:\Users\Adam Czekalski\Documents\GitHub\Akceleracja-obliczen-CUDA\GPU\UnifiedMemory\UnifiedMemory\kernel.cu(160): note: see reference to function template instantiation 'void randomizeMatrices<T>(int,int,int,T *,T *)' being compiled
          with
          [
              T=float
          ]
C:\Users\Adam Czekalski\Documents\GitHub\Akceleracja-obliczen-CUDA\GPU\UnifiedMemory\UnifiedMemory\kernel.cu(77): warning C4984: 'if constexpr' is a C++17 language extension
C:\Users\Adam Czekalski\Documents\GitHub\Akceleracja-obliczen-CUDA\GPU\UnifiedMemory\UnifiedMemory\kernel.cu(126): warning C4244: '=': conversion from 'int' to 'T', possible loss of data
          with
          [
              T=float
          ]
  C:\Users\Adam Czekalski\Documents\GitHub\Akceleracja-obliczen-CUDA\GPU\UnifiedMemory\UnifiedMemory\kernel.cu(126): note: the template instantiation context (the oldest one first) is
  C:\Users\Adam Czekalski\Documents\GitHub\Akceleracja-obliczen-CUDA\GPU\UnifiedMemory\UnifiedMemory\kernel.cu(163): note: see reference to function template instantiation 'void fixedMatrices<T>(int,int,int,T *,T *)' being compiled
          with
          [
              T=float
          ]
C:\Users\Adam Czekalski\Documents\GitHub\Akceleracja-obliczen-CUDA\GPU\UnifiedMemory\UnifiedMemory\kernel.cu(133): warning C4244: '=': conversion from 'int' to 'T', possible loss of data
          with
          [
              T=float
          ]
C:\Users\Adam Czekalski\Documents\GitHub\Akceleracja-obliczen-CUDA\GPU\UnifiedMemory\UnifiedMemory\kernel.cu(60): warning C4984: 'if constexpr' is a C++17 language extension
C:\Users\Adam Czekalski\Documents\GitHub\Akceleracja-obliczen-CUDA\GPU\UnifiedMemory\UnifiedMemory\kernel.cu(65): warning C4244: 'argument': conversion from 'time_t' to 'unsigned int', possible loss of data
C:\Users\Adam Czekalski\Documents\GitHub\Akceleracja-obliczen-CUDA\GPU\UnifiedMemory\UnifiedMemory\kernel.cu(86): warning C4984: 'if constexpr' is a C++17 language extension
     Creating library C:\Users\Adam Czekalski\Documents\GitHub\Akceleracja-obliczen-CUDA\GPU\UnifiedMemory\x64\Debug\UnifiedMemory.lib and object C:\Users\Adam Czekalski\Documents\GitHub\Akceleracja-obliczen-CUDA\GPU\UnifiedMemory\x64\Debug\UnifiedMemory.exp
LINK : warning LNK4098: defaultlib 'LIBCMT' conflicts with use of other libs; use /NODEFAULTLIB:library
  UnifiedMemory.vcxproj -> C:\Users\Adam Czekalski\Documents\GitHub\Akceleracja-obliczen-CUDA\GPU\UnifiedMemory\x64\Debug\UnifiedMemory.exe
